<?xml version="1.0" encoding="UTF-8"?>
<!-- Generated by org.testng.reporters.JUnitXMLReporter -->
<testsuite ignored="0" hostname="Akhila" failures="0" tests="3" name="Submit Order Test" time="39.552" errors="0" timestamp="2024-01-28T23:56:17 IST">
  <testcase classname="rahulshettyacademy.SubmitOrderTest" name="submitOrder" time="15.357"/>
  <testcase classname="rahulshettyacademy.SubmitOrderTest" name="submitOrder" time="15.336"/>
  <testcase classname="rahulshettyacademy.SubmitOrderTest" name="orderHistoryFirst" time="0.843"/>
</testsuite> <!-- Submit Order Test -->
