<?xml version="1.0" encoding="UTF-8"?>
<!-- Generated by org.testng.reporters.JUnitXMLReporter -->
<testsuite ignored="0" hostname="Akhila" failures="0" tests="2" name="Error Validations Test" time="23.822" errors="0" timestamp="2024-02-03T14:45:20 IST">
  <testcase classname="rahulshettyacademy.ErrorValidationsTest" name="LoginErrorValidation" time="0.601"/>
  <testcase classname="rahulshettyacademy.ErrorValidationsTest" name="productErrorValidation" time="13.558"/>
</testsuite> <!-- Error Validations Test -->
