<?xml version="1.0" encoding="UTF-8"?>
<!-- Generated by org.testng.reporters.JUnitXMLReporter -->
<testsuite ignored="0" hostname="Akhila" failures="0" tests="3" name="Submit Order Test" time="30.558" errors="0" timestamp="2024-02-03T14:45:26 IST">
  <testcase classname="rahulshettyacademy.SubmitOrderTest" name="submitOrder" time="14.684"/>
  <testcase classname="rahulshettyacademy.SubmitOrderTest" name="submitOrder" time="3.116"/>
  <testcase classname="rahulshettyacademy.SubmitOrderTest" name="orderHistoryFirst" time="0.621"/>
</testsuite> <!-- Submit Order Test -->
